<?xml version="1.0" encoding="UTF-8"?>
<testng-results skipped="0" failed="0" ignored="0" total="9" passed="9">
  <reporter-output>
  </reporter-output>
  <suite name="Suite" duration-ms="52899" started-at="2018-10-11T05:12:54Z" finished-at="2018-10-11T05:13:47Z">
    <groups>
    </groups>
    <test name="Login" duration-ms="52899" started-at="2018-10-11T05:12:54Z" finished-at="2018-10-11T05:13:47Z">
      <class name="com.guru99bank.testCases.BalancEInquiry">
        <test-method status="PASS" signature="setup(java.lang.String)[pri:0, instance:com.guru99bank.testCases.BalancEInquiry@289d1c02]" name="setup" is-config="true" duration-ms="20802" started-at="2018-10-11T05:12:54Z" finished-at="2018-10-11T05:13:15Z">
          <params>
            <param index="0">
              <value>
                <![CDATA[Chrome]]>
              </value>
            </param>
          </params>
          <reporter-output>
          </reporter-output>
        </test-method> <!-- setup -->
        <test-method status="PASS" signature="login()[pri:13, instance:com.guru99bank.testCases.BalancEInquiry@289d1c02]" name="login" duration-ms="3345" started-at="2018-10-11T05:13:15Z" description="Login" finished-at="2018-10-11T05:13:18Z">
          <reporter-output>
          </reporter-output>
        </test-method> <!-- login -->
        <test-method status="PASS" signature="verifyBalance(java.lang.String)[pri:14, instance:com.guru99bank.testCases.BalancEInquiry@289d1c02]" name="verifyBalance" duration-ms="5279" started-at="2018-10-11T05:13:18Z" description="Verifying Balance Enquiry " data-provider="accountdata" finished-at="2018-10-11T05:13:23Z">
          <params>
            <param index="0">
              <value>
                <![CDATA[49735]]>
              </value>
            </param>
          </params>
          <reporter-output>
          </reporter-output>
        </test-method> <!-- verifyBalance -->
        <test-method status="PASS" signature="verifyBalance(java.lang.String)[pri:14, instance:com.guru99bank.testCases.BalancEInquiry@289d1c02]" name="verifyBalance" duration-ms="2823" started-at="2018-10-11T05:13:23Z" description="Verifying Balance Enquiry " data-provider="accountdata" finished-at="2018-10-11T05:13:26Z">
          <params>
            <param index="0">
              <value>
                <![CDATA[49730]]>
              </value>
            </param>
          </params>
          <reporter-output>
          </reporter-output>
        </test-method> <!-- verifyBalance -->
        <test-method status="PASS" signature="verifyBalance(java.lang.String)[pri:14, instance:com.guru99bank.testCases.BalancEInquiry@289d1c02]" name="verifyBalance" duration-ms="2814" started-at="2018-10-11T05:13:26Z" description="Verifying Balance Enquiry " data-provider="accountdata" finished-at="2018-10-11T05:13:29Z">
          <params>
            <param index="0">
              <value>
                <![CDATA[49720]]>
              </value>
            </param>
          </params>
          <reporter-output>
          </reporter-output>
        </test-method> <!-- verifyBalance -->
        <test-method status="PASS" signature="verifyBalance(java.lang.String)[pri:14, instance:com.guru99bank.testCases.BalancEInquiry@289d1c02]" name="verifyBalance" duration-ms="2825" started-at="2018-10-11T05:13:29Z" description="Verifying Balance Enquiry " data-provider="accountdata" finished-at="2018-10-11T05:13:32Z">
          <params>
            <param index="0">
              <value>
                <![CDATA[49694]]>
              </value>
            </param>
          </params>
          <reporter-output>
          </reporter-output>
        </test-method> <!-- verifyBalance -->
        <test-method status="PASS" signature="verifyBalance(java.lang.String)[pri:14, instance:com.guru99bank.testCases.BalancEInquiry@289d1c02]" name="verifyBalance" duration-ms="2807" started-at="2018-10-11T05:13:32Z" description="Verifying Balance Enquiry " data-provider="accountdata" finished-at="2018-10-11T05:13:35Z">
          <params>
            <param index="0">
              <value>
                <![CDATA[49736]]>
              </value>
            </param>
          </params>
          <reporter-output>
          </reporter-output>
        </test-method> <!-- verifyBalance -->
        <test-method status="PASS" signature="verifyBalance(java.lang.String)[pri:14, instance:com.guru99bank.testCases.BalancEInquiry@289d1c02]" name="verifyBalance" duration-ms="1311" started-at="2018-10-11T05:13:35Z" description="Verifying Balance Enquiry " data-provider="accountdata" finished-at="2018-10-11T05:13:36Z">
          <params>
            <param index="0">
              <value>
                <![CDATA[11111]]>
              </value>
            </param>
          </params>
          <reporter-output>
          </reporter-output>
        </test-method> <!-- verifyBalance -->
        <test-method status="PASS" signature="verifyBalance(java.lang.String)[pri:14, instance:com.guru99bank.testCases.BalancEInquiry@289d1c02]" name="verifyBalance" duration-ms="7623" started-at="2018-10-11T05:13:36Z" description="Verifying Balance Enquiry " data-provider="accountdata" finished-at="2018-10-11T05:13:44Z">
          <params>
            <param index="0">
              <value>
                <![CDATA[22222]]>
              </value>
            </param>
          </params>
          <reporter-output>
          </reporter-output>
        </test-method> <!-- verifyBalance -->
        <test-method status="PASS" signature="verifyBalance(java.lang.String)[pri:14, instance:com.guru99bank.testCases.BalancEInquiry@289d1c02]" name="verifyBalance" duration-ms="2875" started-at="2018-10-11T05:13:44Z" description="Verifying Balance Enquiry " data-provider="accountdata" finished-at="2018-10-11T05:13:47Z">
          <params>
            <param index="0">
              <value>
                <![CDATA[33333]]>
              </value>
            </param>
          </params>
          <reporter-output>
          </reporter-output>
        </test-method> <!-- verifyBalance -->
      </class> <!-- com.guru99bank.testCases.BalancEInquiry -->
    </test> <!-- Login -->
  </suite> <!-- Suite -->
</testng-results>
