<?xml version="1.0" encoding="UTF-8"?>
<!-- Generated by org.testng.reporters.JUnitXMLReporter -->
<testsuite hostname="C100-17" ignored="0" name="Balance Enquiry" tests="9" failures="0" timestamp="11 Oct 2018 06:28:51 GMT" time="53.688" errors="0">
  <testcase name="login" time="3.509" classname="com.guru99bank.testCases.BalancEInquiry"/>
  <testcase name="verifyBalance" time="5.267" classname="com.guru99bank.testCases.BalancEInquiry"/>
  <testcase name="verifyBalance" time="3.777" classname="com.guru99bank.testCases.BalancEInquiry"/>
  <testcase name="verifyBalance" time="4.952" classname="com.guru99bank.testCases.BalancEInquiry"/>
  <testcase name="verifyBalance" time="3.776" classname="com.guru99bank.testCases.BalancEInquiry"/>
  <testcase name="verifyBalance" time="3.695" classname="com.guru99bank.testCases.BalancEInquiry"/>
  <testcase name="verifyBalance" time="2.076" classname="com.guru99bank.testCases.BalancEInquiry"/>
  <testcase name="verifyBalance" time="2.966" classname="com.guru99bank.testCases.BalancEInquiry"/>
  <testcase name="verifyBalance" time="2.988" classname="com.guru99bank.testCases.BalancEInquiry"/>
</testsuite> <!-- Balance Enquiry -->
