<?xml version="1.0" encoding="UTF-8"?>
<!-- Generated by org.testng.reporters.JUnitXMLReporter -->
<testsuite hostname="C100-17" ignored="0" name="ChromeTest" tests="20" failures="0" timestamp="10 Oct 2018 09:24:12 GMT" time="208.227" errors="0">
  <testcase name="validlogin" time="1.462" classname="com.guru99bank.testCases.LoginTest"/>
  <testcase name="verify_Invalid_Login" time="0.783" classname="com.guru99bank.testCases.LoginInvalidTest"/>
  <testcase name="enterUsername" time="3.436" classname="com.guru99bank.testCases.LoginInvalidTest"/>
  <testcase name="verifyLoginDDT" time="5.755" classname="com.guru99bank.testCases.LoginDataDrivenTest"/>
  <testcase name="verifyLoginDDT" time="7.633" classname="com.guru99bank.testCases.LoginDataDrivenTest"/>
  <testcase name="verifyLoginDDT" time="3.763" classname="com.guru99bank.testCases.LoginDataDrivenTest"/>
  <testcase name="verifyLoginDDT" time="7.524" classname="com.guru99bank.testCases.LoginDataDrivenTest"/>
  <testcase name="create_new_Customer" time="11.051" classname="com.guru99bank.testCases.AddNewCustomer"/>
  <testcase name="blankCustoerid" time="3.694" classname="com.guru99bank.testCases.EditCustomer"/>
  <testcase name="edit" time="3.368" classname="com.guru99bank.testCases.EditCustomer"/>
  <testcase name="edit" time="4.133" classname="com.guru99bank.testCases.EditCustomer"/>
  <testcase name="edit" time="3.387" classname="com.guru99bank.testCases.EditCustomer"/>
  <testcase name="edit" time="3.861" classname="com.guru99bank.testCases.EditCustomer"/>
  <testcase name="edit" time="3.419" classname="com.guru99bank.testCases.EditCustomer"/>
  <testcase name="edit" time="2.64" classname="com.guru99bank.testCases.EditCustomer"/>
  <testcase name="logintoaccount" time="1.36" classname="com.guru99bank.testCases.NewAccount"/>
  <testcase name="invalid_new_account" time="1.395" classname="com.guru99bank.testCases.NewAccount"/>
  <testcase name="invalid_new_account_invalidcustomerid" time="7.079" classname="com.guru99bank.testCases.NewAccount"/>
  <testcase name="invalid_new_account_intialdeposite" time="2.737" classname="com.guru99bank.testCases.NewAccount"/>
  <testcase name="verify_newAccount" time="4.06" classname="com.guru99bank.testCases.NewAccount"/>
</testsuite> <!-- ChromeTest -->
