<?xml version="1.0" encoding="UTF-8"?>
<!-- Generated by org.testng.reporters.JUnitXMLReporter -->
<testsuite hostname="C100-17" ignored="0" name="Data Driven Testing" tests="4" failures="0" timestamp="11 Oct 2018 06:26:20 GMT" time="41.837" errors="0">
  <testcase name="verifyLoginDDT" time="5.528" classname="com.guru99bank.testCases.LoginDataDrivenTest"/>
  <testcase name="verifyLoginDDT" time="4.263" classname="com.guru99bank.testCases.LoginDataDrivenTest"/>
  <testcase name="verifyLoginDDT" time="4.489" classname="com.guru99bank.testCases.LoginDataDrivenTest"/>
  <testcase name="verifyLoginDDT" time="6.736" classname="com.guru99bank.testCases.LoginDataDrivenTest"/>
</testsuite> <!-- Data Driven Testing -->
