<?xml version="1.0" encoding="UTF-8"?>
<!-- Generated by org.testng.reporters.JUnitXMLReporter -->
<testsuite hostname="C100-17" ignored="0" name="firefox Test cases For Edit Customer" tests="7" failures="0" timestamp="13 Oct 2018 06:15:39 GMT" time="26.904" errors="0">
  <testcase name="blankCustoerid" time="2.611" classname="com.guru99bank.testCases.EditCustomer"/>
  <testcase name="editaccount" time="2.677" classname="com.guru99bank.testCases.EditCustomer"/>
  <testcase name="editaccount" time="2.65" classname="com.guru99bank.testCases.EditCustomer"/>
  <testcase name="editaccount" time="2.726" classname="com.guru99bank.testCases.EditCustomer"/>
  <testcase name="editaccount" time="2.639" classname="com.guru99bank.testCases.EditCustomer"/>
  <testcase name="editaccount" time="1.356" classname="com.guru99bank.testCases.EditCustomer"/>
  <testcase name="editaccount" time="2.088" classname="com.guru99bank.testCases.EditCustomer"/>
</testsuite> <!-- firefox Test cases For Edit Customer -->
