<?xml version="1.0" encoding="UTF-8"?>
<!-- Generated by org.testng.reporters.JUnitXMLReporter -->
<testsuite hostname="C100-17" ignored="0" name="firefox End2End" tests="28" failures="0" timestamp="13 Oct 2018 06:18:39 GMT" time="112.331" errors="0">
  <testcase name="login_using_datadriveren" time="4.763" classname="com.guru99bank.testCases.End2End"/>
  <testcase name="login_using_datadriveren" time="3.19" classname="com.guru99bank.testCases.End2End"/>
  <testcase name="login_using_datadriveren" time="3.066" classname="com.guru99bank.testCases.End2End"/>
  <testcase name="login_using_datadriveren" time="4.912" classname="com.guru99bank.testCases.End2End"/>
  <testcase name="login_valid" time="7.789" classname="com.guru99bank.testCases.End2End"/>
  <testcase name="editcustomer_using_datadriven" time="2.96" classname="com.guru99bank.testCases.End2End"/>
  <testcase name="editcustomer_using_datadriven" time="2.727" classname="com.guru99bank.testCases.End2End"/>
  <testcase name="editcustomer_using_datadriven" time="2.646" classname="com.guru99bank.testCases.End2End"/>
  <testcase name="editcustomer_using_datadriven" time="2.631" classname="com.guru99bank.testCases.End2End"/>
  <testcase name="editcustomer_using_datadriven" time="1.222" classname="com.guru99bank.testCases.End2End"/>
  <testcase name="editcustomer_using_datadriven" time="2.096" classname="com.guru99bank.testCases.End2End"/>
  <testcase name="createnewaccount" time="18.759" classname="com.guru99bank.testCases.End2End"/>
  <testcase name="balance_enquiry_datadriven" time="2.604" classname="com.guru99bank.testCases.End2End"/>
  <testcase name="balance_enquiry_datadriven" time="2.645" classname="com.guru99bank.testCases.End2End"/>
  <testcase name="balance_enquiry_datadriven" time="2.609" classname="com.guru99bank.testCases.End2End"/>
  <testcase name="balance_enquiry_datadriven" time="2.61" classname="com.guru99bank.testCases.End2End"/>
  <testcase name="balance_enquiry_datadriven" time="2.649" classname="com.guru99bank.testCases.End2End"/>
  <testcase name="balance_enquiry_datadriven" time="1.319" classname="com.guru99bank.testCases.End2End"/>
  <testcase name="balance_enquiry_datadriven" time="2.057" classname="com.guru99bank.testCases.End2End"/>
  <testcase name="balance_enquiry_datadriven" time="2.045" classname="com.guru99bank.testCases.End2End"/>
  <testcase name="ministmt_using_datadriven" time="3.653" classname="com.guru99bank.testCases.End2End"/>
  <testcase name="ministmt_using_datadriven" time="2.863" classname="com.guru99bank.testCases.End2End"/>
  <testcase name="ministmt_using_datadriven" time="2.698" classname="com.guru99bank.testCases.End2End"/>
  <testcase name="ministmt_using_datadriven" time="2.614" classname="com.guru99bank.testCases.End2End"/>
  <testcase name="ministmt_using_datadriven" time="2.596" classname="com.guru99bank.testCases.End2End"/>
  <testcase name="ministmt_using_datadriven" time="1.704" classname="com.guru99bank.testCases.End2End"/>
  <testcase name="ministmt_using_datadriven" time="2.37" classname="com.guru99bank.testCases.End2End"/>
  <testcase name="ministmt_using_datadriven" time="2.53" classname="com.guru99bank.testCases.End2End"/>
</testsuite> <!-- firefox End2End -->
