<?xml version="1.0" encoding="UTF-8"?>
<!-- Generated by org.testng.reporters.JUnitXMLReporter -->
<testsuite hostname="C100-17" ignored="0" name="firefox Test for Add New Customer" tests="1" failures="1" timestamp="13 Oct 2018 06:15:12 GMT" time="41.915" errors="0">
  <testcase name="create_new_Customer" time="32.015" classname="com.guru99bank.testCases.AddNewCustomer">
    <failure type="org.openqa.selenium.NoSuchElementException" message="Unable to locate element: //*[text()=&amp;apos;New Customer&amp;apos;]
For documentation on this error, please visit: http://seleniumhq.org/exceptions/no_such_element.html
Build info: version: &amp;apos;3.4.0&amp;apos;, revision: &amp;apos;unknown&amp;apos;, time: &amp;apos;unknown&amp;apos;
System info: host: &amp;apos;C100-17&amp;apos;, ip: &amp;apos;192.168.100.17&amp;apos;, os.name: &amp;apos;Windows 8.1&amp;apos;, os.arch: &amp;apos;amd64&amp;apos;, os.version: &amp;apos;6.3&amp;apos;, java.version: &amp;apos;1.8.0_25&amp;apos;
Driver info: org.openqa.selenium.firefox.FirefoxDriver
Capabilities [{moz:profile=C:\Users\dkunal\AppData\Local\Temp\rust_mozprofile.rRchipiHj3QZ, rotatable=false, timeouts={implicit=0.0, pageLoad=300000.0, script=30000.0}, pageLoadStrategy=normal, moz:headless=false, platform=ANY, moz:accessibilityChecks=false, acceptInsecureCerts=false, browserVersion=57.0.4, platformVersion=10.0, moz:processID=8884.0, browserName=firefox, javascriptEnabled=true, platformName=windows_nt, moz:webdriverClick=false}]
Session ID: b5271191-f4bf-489c-be0f-3464c593a21d
*** Element info: {Using=xpath, value=//*[text()=&amp;apos;New Customer&amp;apos;]}">
      <![CDATA[org.openqa.selenium.NoSuchElementException: Unable to locate element: //*[text()='New Customer']
For documentation on this error, please visit: http://seleniumhq.org/exceptions/no_such_element.html
Build info: version: '3.4.0', revision: 'unknown', time: 'unknown'
System info: host: 'C100-17', ip: '192.168.100.17', os.name: 'Windows 8.1', os.arch: 'amd64', os.version: '6.3', java.version: '1.8.0_25'
Driver info: org.openqa.selenium.firefox.FirefoxDriver
Capabilities [{moz:profile=C:\Users\dkunal\AppData\Local\Temp\rust_mozprofile.rRchipiHj3QZ, rotatable=false, timeouts={implicit=0.0, pageLoad=300000.0, script=30000.0}, pageLoadStrategy=normal, moz:headless=false, platform=ANY, moz:accessibilityChecks=false, acceptInsecureCerts=false, browserVersion=57.0.4, platformVersion=10.0, moz:processID=8884.0, browserName=firefox, javascriptEnabled=true, platformName=windows_nt, moz:webdriverClick=false}]
Session ID: b5271191-f4bf-489c-be0f-3464c593a21d
*** Element info: {Using=xpath, value=//*[text()='New Customer']}
at org.openqa.selenium.remote.http.W3CHttpResponseCodec.createException(W3CHttpResponseCodec.java:150)
at org.openqa.selenium.remote.http.W3CHttpResponseCodec.decode(W3CHttpResponseCodec.java:115)
at org.openqa.selenium.remote.http.W3CHttpResponseCodec.decode(W3CHttpResponseCodec.java:45)
at org.openqa.selenium.remote.HttpCommandExecutor.execute(HttpCommandExecutor.java:164)
at org.openqa.selenium.remote.service.DriverCommandExecutor.execute(DriverCommandExecutor.java:82)
at org.openqa.selenium.remote.RemoteWebDriver.execute(RemoteWebDriver.java:637)
at org.openqa.selenium.remote.RemoteWebDriver.findElement(RemoteWebDriver.java:410)
at org.openqa.selenium.remote.RemoteWebDriver.findElementByXPath(RemoteWebDriver.java:509)
at org.openqa.selenium.By$ByXPath.findElement(By.java:361)
at org.openqa.selenium.remote.RemoteWebDriver.findElement(RemoteWebDriver.java:402)
at org.openqa.selenium.support.pagefactory.DefaultElementLocator.findElement(DefaultElementLocator.java:69)
at org.openqa.selenium.support.pagefactory.internal.LocatingElementHandler.invoke(LocatingElementHandler.java:38)
at com.sun.proxy.$Proxy8.click(Unknown Source)
at com.guru99bank.pageObject.AddnewCustomerPage.clickCustomer(AddnewCustomerPage.java:80)
at com.guru99bank.testCases.AddNewCustomer.create_new_Customer(AddNewCustomer.java:31)
... Removed 29 stack frames]]>
    </failure>
  </testcase> <!-- create_new_Customer -->
</testsuite> <!-- firefox Test for Add New Customer -->
