<?xml version="1.0" encoding="UTF-8"?>
<!-- Generated by org.testng.reporters.JUnitXMLReporter -->
<testsuite hostname="C100-17" ignored="0" name="firefox Balance Enquiry" tests="9" failures="0" timestamp="13 Oct 2018 06:16:46 GMT" time="37.197" errors="0">
  <testcase name="login" time="3.553" classname="com.guru99bank.testCases.BalancEInquiry"/>
  <testcase name="verifyBalance" time="3.157" classname="com.guru99bank.testCases.BalancEInquiry"/>
  <testcase name="verifyBalance" time="2.562" classname="com.guru99bank.testCases.BalancEInquiry"/>
  <testcase name="verifyBalance" time="2.863" classname="com.guru99bank.testCases.BalancEInquiry"/>
  <testcase name="verifyBalance" time="2.504" classname="com.guru99bank.testCases.BalancEInquiry"/>
  <testcase name="verifyBalance" time="2.113" classname="com.guru99bank.testCases.BalancEInquiry"/>
  <testcase name="verifyBalance" time="2.443" classname="com.guru99bank.testCases.BalancEInquiry"/>
  <testcase name="verifyBalance" time="2.114" classname="com.guru99bank.testCases.BalancEInquiry"/>
  <testcase name="verifyBalance" time="2.066" classname="com.guru99bank.testCases.BalancEInquiry"/>
</testsuite> <!-- firefox Balance Enquiry -->
