<?xml version="1.0" encoding="UTF-8"?>
<!-- Generated by org.testng.reporters.JUnitXMLReporter -->
<testsuite hostname="C100-17" ignored="0" name="firefox Test cases for New Account" tests="5" failures="0" timestamp="13 Oct 2018 06:16:09 GMT" time="29.945" errors="0">
  <testcase name="logintoaccount" time="1.666" classname="com.guru99bank.testCases.NewAccount"/>
  <testcase name="invalid_new_account" time="0.915" classname="com.guru99bank.testCases.NewAccount"/>
  <testcase name="invalid_new_account_invalidcustomerid" time="9.762" classname="com.guru99bank.testCases.NewAccount"/>
  <testcase name="invalid_new_account_intialdeposite" time="4.169" classname="com.guru99bank.testCases.NewAccount"/>
  <testcase name="verify_newAccount" time="3.43" classname="com.guru99bank.testCases.NewAccount"/>
</testsuite> <!-- firefox Test cases for New Account -->
