<?xml version="1.0" encoding="UTF-8"?>
<!-- Generated by org.testng.reporters.JUnitXMLReporter -->
<testsuite hostname="C100-17" ignored="0" name="Invalid Login" tests="2" failures="0" timestamp="11 Oct 2018 06:25:38 GMT" time="23.911" errors="0">
  <testcase name="verify_Invalid_Login" time="0.777" classname="com.guru99bank.testCases.LoginInvalidTest"/>
  <testcase name="enterUsername" time="2.821" classname="com.guru99bank.testCases.LoginInvalidTest"/>
</testsuite> <!-- Invalid Login -->
