<?xml version="1.0" encoding="UTF-8"?>
<!-- Generated by org.testng.reporters.JUnitXMLReporter -->
<testsuite hostname="C100-17" ignored="0" name="Test cases For Edit Customer" tests="7" failures="0" timestamp="11 Oct 2018 06:27:34 GMT" time="43.113" errors="0">
  <testcase name="blankCustoerid" time="2.891" classname="com.guru99bank.testCases.EditCustomer"/>
  <testcase name="edit" time="3.713" classname="com.guru99bank.testCases.EditCustomer"/>
  <testcase name="edit" time="3.081" classname="com.guru99bank.testCases.EditCustomer"/>
  <testcase name="edit" time="4.142" classname="com.guru99bank.testCases.EditCustomer"/>
  <testcase name="edit" time="3.008" classname="com.guru99bank.testCases.EditCustomer"/>
  <testcase name="edit" time="3.274" classname="com.guru99bank.testCases.EditCustomer"/>
  <testcase name="edit" time="2.54" classname="com.guru99bank.testCases.EditCustomer"/>
</testsuite> <!-- Test cases For Edit Customer -->
