<?xml version="1.0" encoding="UTF-8"?>
<!-- Generated by org.testng.reporters.JUnitXMLReporter -->
<testsuite hostname="C100-17" ignored="0" name="ChromeTest" tests="8" failures="0" timestamp="18 Oct 2018 10:55:00 GMT" time="31.639" errors="0">
  <testcase name="login_datadriven" time="1.51" classname="com.guru99bank.testCases.L"/>
  <testcase name="login_datadriven" time="1.076" classname="com.guru99bank.testCases.L"/>
  <testcase name="login_datadriven" time="1.207" classname="com.guru99bank.testCases.L"/>
  <testcase name="login_datadriven" time="1.059" classname="com.guru99bank.testCases.L"/>
  <testcase name="login_datadriven" time="1.024" classname="com.guru99bank.testCases.L"/>
  <testcase name="login_datadriven" time="1.004" classname="com.guru99bank.testCases.L"/>
  <testcase name="login_datadriven" time="1.016" classname="com.guru99bank.testCases.L"/>
  <testcase name="login_datadriven" time="1.1" classname="com.guru99bank.testCases.L"/>
</testsuite> <!-- ChromeTest -->
