<?xml version="1.0" encoding="UTF-8"?>
<!-- Generated by org.testng.reporters.JUnitXMLReporter -->
<testsuite hostname="C100-17" ignored="0" name="FirefoxTest" tests="2" failures="1" timestamp="04 Oct 2018 05:42:15 GMT" time="17.546" errors="0">
  <testcase name="validLogin" time="2.427" classname="com.guru99bank.testCases.TC_Login_01"/>
  <testcase name="validLogin" time="2.429" classname="com.guru99bank.testCases.TC_Login_01">
    <failure type="java.lang.NullPointerException">
      <![CDATA[java.lang.NullPointerException
at com.guru99bank.utilities.Reporting.onTestSuccess(Reporting.java:50)
... Removed 22 stack frames]]>
    </failure>
  </testcase> <!-- validLogin -->
</testsuite> <!-- FirefoxTest -->
