<?xml version="1.0" encoding="UTF-8"?>
<testng-results skipped="0" failed="0" ignored="0" total="56" passed="56">
  <reporter-output>
  </reporter-output>
  <suite name="TestSuite" duration-ms="487822" started-at="2018-10-24T11:12:02Z" finished-at="2018-10-24T11:20:10Z">
    <groups>
    </groups>
    <test name="SignUp" duration-ms="45702" started-at="2018-10-24T11:12:02Z" finished-at="2018-10-24T11:12:47Z">
      <class name="com.practice.testcases.SignUpTest">
        <test-method status="PASS" signature="setup(java.lang.String)[pri:0, instance:com.practice.testcases.SignUpTest@32eebfca]" name="setup" is-config="true" duration-ms="12679" started-at="2018-10-24T11:12:02Z" finished-at="2018-10-24T11:12:15Z">
          <params>
            <param index="0">
              <value>
                <![CDATA[Chrome]]>
              </value>
            </param>
          </params>
          <reporter-output>
          </reporter-output>
        </test-method> <!-- setup -->
        <test-method status="PASS" signature="without_entering_click_createAccount()[pri:1, instance:com.practice.testcases.SignUpTest@32eebfca]" name="without_entering_click_createAccount" duration-ms="4048" started-at="2018-10-24T11:12:15Z" description="Sign up-Balnk Data and click on Sign up Button" finished-at="2018-10-24T11:12:19Z">
          <reporter-output>
          </reporter-output>
        </test-method> <!-- without_entering_click_createAccount -->
        <test-method status="PASS" signature="remove_firstname()[pri:2, instance:com.practice.testcases.SignUpTest@32eebfca]" name="remove_firstname" duration-ms="7232" started-at="2018-10-24T11:12:19Z" description="Sign Up:Filled out all fields and Remove the first name field" finished-at="2018-10-24T11:12:26Z">
          <reporter-output>
          </reporter-output>
        </test-method> <!-- remove_firstname -->
        <test-method status="PASS" signature="remove_lasttname()[pri:3, instance:com.practice.testcases.SignUpTest@32eebfca]" name="remove_lasttname" duration-ms="7180" started-at="2018-10-24T11:12:26Z" description="Sign Up:Filled out all fields and Remove the Last name field" finished-at="2018-10-24T11:12:33Z">
          <reporter-output>
          </reporter-output>
        </test-method> <!-- remove_lasttname -->
        <test-method status="PASS" signature="remove_email()[pri:4, instance:com.practice.testcases.SignUpTest@32eebfca]" name="remove_email" duration-ms="7106" started-at="2018-10-24T11:12:33Z" description="Sign Up:Filled out all fields and Remove the email field" finished-at="2018-10-24T11:12:40Z">
          <reporter-output>
          </reporter-output>
        </test-method> <!-- remove_email -->
        <test-method status="PASS" signature="remove_password()[pri:5, instance:com.practice.testcases.SignUpTest@32eebfca]" name="remove_password" duration-ms="7060" started-at="2018-10-24T11:12:40Z" description="Sign Up:Filled out all fields and Remove the password field" finished-at="2018-10-24T11:12:47Z">
          <reporter-output>
          </reporter-output>
        </test-method> <!-- remove_password -->
        <test-method status="PASS" signature="close()[pri:0, instance:com.practice.testcases.SignUpTest@32eebfca]" name="close" is-config="true" duration-ms="191" started-at="2018-10-24T11:12:47Z" finished-at="2018-10-24T11:12:47Z">
          <reporter-output>
          </reporter-output>
        </test-method> <!-- close -->
      </class> <!-- com.practice.testcases.SignUpTest -->
    </test> <!-- SignUp -->
    <test name="Invalid Login" duration-ms="19246" started-at="2018-10-24T11:12:48Z" finished-at="2018-10-24T11:13:07Z">
      <class name="com.practice.testcases.InvalidLoginTest">
        <test-method status="PASS" signature="setup(java.lang.String)[pri:0, instance:com.practice.testcases.InvalidLoginTest@67b467e9]" name="setup" is-config="true" duration-ms="12120" started-at="2018-10-24T11:12:48Z" finished-at="2018-10-24T11:13:00Z">
          <params>
            <param index="0">
              <value>
                <![CDATA[Chrome]]>
              </value>
            </param>
          </params>
          <reporter-output>
          </reporter-output>
        </test-method> <!-- setup -->
        <test-method status="PASS" signature="balnk_fields()[pri:6, instance:com.practice.testcases.InvalidLoginTest@67b467e9]" name="balnk_fields" duration-ms="2343" started-at="2018-10-24T11:13:00Z" description="Invalid Login - Bank data click on Login button" finished-at="2018-10-24T11:13:02Z">
          <reporter-output>
          </reporter-output>
        </test-method> <!-- balnk_fields -->
        <test-method status="PASS" signature="balnk_password_fields()[pri:7, instance:com.practice.testcases.InvalidLoginTest@67b467e9]" name="balnk_password_fields" duration-ms="2204" started-at="2018-10-24T11:13:02Z" description="Invalid Login-Enter valid Email and Keep password Blank" finished-at="2018-10-24T11:13:04Z">
          <reporter-output>
          </reporter-output>
        </test-method> <!-- balnk_password_fields -->
        <test-method status="PASS" signature="balnk_Email_fields()[pri:8, instance:com.practice.testcases.InvalidLoginTest@67b467e9]" name="balnk_Email_fields" duration-ms="2314" started-at="2018-10-24T11:13:04Z" description="Invalid Login-Enter valid PAssword and Keep Email Blank" finished-at="2018-10-24T11:13:07Z">
          <reporter-output>
          </reporter-output>
        </test-method> <!-- balnk_Email_fields -->
        <test-method status="PASS" signature="close()[pri:0, instance:com.practice.testcases.InvalidLoginTest@67b467e9]" name="close" is-config="true" duration-ms="244" started-at="2018-10-24T11:13:07Z" finished-at="2018-10-24T11:13:07Z">
          <reporter-output>
          </reporter-output>
        </test-method> <!-- close -->
      </class> <!-- com.practice.testcases.InvalidLoginTest -->
    </test> <!-- Invalid Login -->
    <test name="Login" duration-ms="15969" started-at="2018-10-24T11:13:07Z" finished-at="2018-10-24T11:13:23Z">
      <class name="com.practice.testcases.LoginTest">
        <test-method status="PASS" signature="setup(java.lang.String)[pri:0, instance:com.practice.testcases.LoginTest@481a15ff]" name="setup" is-config="true" duration-ms="12521" started-at="2018-10-24T11:13:07Z" finished-at="2018-10-24T11:13:20Z">
          <params>
            <param index="0">
              <value>
                <![CDATA[Chrome]]>
              </value>
            </param>
          </params>
          <reporter-output>
          </reporter-output>
        </test-method> <!-- setup -->
        <test-method status="PASS" signature="verifu_Login()[pri:9, instance:com.practice.testcases.LoginTest@481a15ff]" name="verifu_Login" duration-ms="1372" started-at="2018-10-24T11:13:20Z" description="Valid Login" finished-at="2018-10-24T11:13:21Z">
          <reporter-output>
          </reporter-output>
        </test-method> <!-- verifu_Login -->
        <test-method status="PASS" signature="close()[pri:0, instance:com.practice.testcases.LoginTest@481a15ff]" name="close" is-config="true" duration-ms="2066" started-at="2018-10-24T11:13:21Z" finished-at="2018-10-24T11:13:23Z">
          <reporter-output>
          </reporter-output>
        </test-method> <!-- close -->
      </class> <!-- com.practice.testcases.LoginTest -->
    </test> <!-- Login -->
    <test name="Data Driven" duration-ms="29613" started-at="2018-10-24T11:13:23Z" finished-at="2018-10-24T11:13:53Z">
      <class name="com.practice.testcases.LoginDataDrivenTest">
        <test-method status="PASS" signature="setup(java.lang.String)[pri:0, instance:com.practice.testcases.LoginDataDrivenTest@704921a5]" name="setup" is-config="true" duration-ms="12401" started-at="2018-10-24T11:13:23Z" finished-at="2018-10-24T11:13:36Z">
          <params>
            <param index="0">
              <value>
                <![CDATA[Chrome]]>
              </value>
            </param>
          </params>
          <reporter-output>
          </reporter-output>
        </test-method> <!-- setup -->
        <test-method status="PASS" signature="login()[pri:10, instance:com.practice.testcases.LoginDataDrivenTest@704921a5]" name="login" duration-ms="153" started-at="2018-10-24T11:13:36Z" description="Data Driven Testing For Login " finished-at="2018-10-24T11:13:36Z">
          <reporter-output>
          </reporter-output>
        </test-method> <!-- login -->
        <test-method status="PASS" signature="logindata_driver(java.lang.String, java.lang.String)[pri:11, instance:com.practice.testcases.LoginDataDrivenTest@704921a5]" name="logindata_driver" duration-ms="2372" started-at="2018-10-24T11:13:36Z" description="Data Driven Testing For Login" data-provider="logintest" finished-at="2018-10-24T11:13:39Z">
          <params>
            <param index="0">
              <value>
                <![CDATA[kk@gmail.com]]>
              </value>
            </param>
            <param index="1">
              <value>
                <![CDATA[password]]>
              </value>
            </param>
          </params>
          <reporter-output>
          </reporter-output>
        </test-method> <!-- logindata_driver -->
        <test-method status="PASS" signature="logindata_driver(java.lang.String, java.lang.String)[pri:11, instance:com.practice.testcases.LoginDataDrivenTest@704921a5]" name="logindata_driver" duration-ms="2365" started-at="2018-10-24T11:13:39Z" description="Data Driven Testing For Login" data-provider="logintest" finished-at="2018-10-24T11:13:41Z">
          <params>
            <param index="0">
              <value>
                <![CDATA[kunal@gmail.com]]>
              </value>
            </param>
            <param index="1">
              <value>
                <![CDATA[password]]>
              </value>
            </param>
          </params>
          <reporter-output>
          </reporter-output>
        </test-method> <!-- logindata_driver -->
        <test-method status="PASS" signature="logindata_driver(java.lang.String, java.lang.String)[pri:11, instance:com.practice.testcases.LoginDataDrivenTest@704921a5]" name="logindata_driver" duration-ms="2282" started-at="2018-10-24T11:13:41Z" description="Data Driven Testing For Login" data-provider="logintest" finished-at="2018-10-24T11:13:43Z">
          <params>
            <param index="0">
              <value>
                <![CDATA[abcd@gmail.com]]>
              </value>
            </param>
            <param index="1">
              <value>
                <![CDATA[password]]>
              </value>
            </param>
          </params>
          <reporter-output>
          </reporter-output>
        </test-method> <!-- logindata_driver -->
        <test-method status="PASS" signature="logindata_driver(java.lang.String, java.lang.String)[pri:11, instance:com.practice.testcases.LoginDataDrivenTest@704921a5]" name="logindata_driver" duration-ms="2303" started-at="2018-10-24T11:13:43Z" description="Data Driven Testing For Login" data-provider="logintest" finished-at="2018-10-24T11:13:45Z">
          <params>
            <param index="0">
              <value>
                <![CDATA[fg@gmail.com]]>
              </value>
            </param>
            <param index="1">
              <value>
                <![CDATA[password]]>
              </value>
            </param>
          </params>
          <reporter-output>
          </reporter-output>
        </test-method> <!-- logindata_driver -->
        <test-method status="PASS" signature="logindata_driver(java.lang.String, java.lang.String)[pri:11, instance:com.practice.testcases.LoginDataDrivenTest@704921a5]" name="logindata_driver" duration-ms="5311" started-at="2018-10-24T11:13:45Z" description="Data Driven Testing For Login" data-provider="logintest" finished-at="2018-10-24T11:13:51Z">
          <params>
            <param index="0">
              <value>
                <![CDATA[kd@narola.email]]>
              </value>
            </param>
            <param index="1">
              <value>
                <![CDATA[password]]>
              </value>
            </param>
          </params>
          <reporter-output>
          </reporter-output>
        </test-method> <!-- logindata_driver -->
        <test-method status="PASS" signature="close()[pri:0, instance:com.practice.testcases.LoginDataDrivenTest@704921a5]" name="close" is-config="true" duration-ms="2076" started-at="2018-10-24T11:13:51Z" finished-at="2018-10-24T11:13:53Z">
          <reporter-output>
          </reporter-output>
        </test-method> <!-- close -->
      </class> <!-- com.practice.testcases.LoginDataDrivenTest -->
    </test> <!-- Data Driven -->
    <test name="View Profile Data Driven" duration-ms="78000" started-at="2018-10-24T11:13:53Z" finished-at="2018-10-24T11:15:11Z">
      <class name="com.practice.testcases.ViewProfileDatadrivenTest">
        <test-method status="PASS" signature="setup(java.lang.String)[pri:0, instance:com.practice.testcases.ViewProfileDatadrivenTest@31f924f5]" name="setup" is-config="true" duration-ms="11355" started-at="2018-10-24T11:13:53Z" finished-at="2018-10-24T11:14:04Z">
          <params>
            <param index="0">
              <value>
                <![CDATA[Chrome]]>
              </value>
            </param>
          </params>
          <reporter-output>
          </reporter-output>
        </test-method> <!-- setup -->
        <test-method status="PASS" signature="viewprofile_login()[pri:12, instance:com.practice.testcases.ViewProfileDatadrivenTest@31f924f5]" name="viewprofile_login" duration-ms="110" started-at="2018-10-24T11:14:04Z" description="Data Driven Testing for View Profile" finished-at="2018-10-24T11:14:04Z">
          <reporter-output>
          </reporter-output>
        </test-method> <!-- viewprofile_login -->
        <test-method status="PASS" signature="viewprofile_datadriven(java.lang.String, java.lang.String)[pri:13, instance:com.practice.testcases.ViewProfileDatadrivenTest@31f924f5]" name="viewprofile_datadriven" duration-ms="10453" started-at="2018-10-24T11:14:04Z" data-provider="viewprofiledata" finished-at="2018-10-24T11:14:15Z">
          <params>
            <param index="0">
              <value>
                <![CDATA[kk@gmail.com]]>
              </value>
            </param>
            <param index="1">
              <value>
                <![CDATA[password]]>
              </value>
            </param>
          </params>
          <reporter-output>
          </reporter-output>
        </test-method> <!-- viewprofile_datadriven -->
        <test-method status="PASS" signature="viewprofile_datadriven(java.lang.String, java.lang.String)[pri:13, instance:com.practice.testcases.ViewProfileDatadrivenTest@31f924f5]" name="viewprofile_datadriven" duration-ms="10328" started-at="2018-10-24T11:14:15Z" data-provider="viewprofiledata" finished-at="2018-10-24T11:14:25Z">
          <params>
            <param index="0">
              <value>
                <![CDATA[kunal@gmail.com]]>
              </value>
            </param>
            <param index="1">
              <value>
                <![CDATA[password]]>
              </value>
            </param>
          </params>
          <reporter-output>
          </reporter-output>
        </test-method> <!-- viewprofile_datadriven -->
        <test-method status="PASS" signature="viewprofile_datadriven(java.lang.String, java.lang.String)[pri:13, instance:com.practice.testcases.ViewProfileDatadrivenTest@31f924f5]" name="viewprofile_datadriven" duration-ms="10300" started-at="2018-10-24T11:14:25Z" data-provider="viewprofiledata" finished-at="2018-10-24T11:14:36Z">
          <params>
            <param index="0">
              <value>
                <![CDATA[abcd@gmail.com]]>
              </value>
            </param>
            <param index="1">
              <value>
                <![CDATA[password]]>
              </value>
            </param>
          </params>
          <reporter-output>
          </reporter-output>
        </test-method> <!-- viewprofile_datadriven -->
        <test-method status="PASS" signature="viewprofile_datadriven(java.lang.String, java.lang.String)[pri:13, instance:com.practice.testcases.ViewProfileDatadrivenTest@31f924f5]" name="viewprofile_datadriven" duration-ms="10347" started-at="2018-10-24T11:14:36Z" data-provider="viewprofiledata" finished-at="2018-10-24T11:14:46Z">
          <params>
            <param index="0">
              <value>
                <![CDATA[fg@gmail.com]]>
              </value>
            </param>
            <param index="1">
              <value>
                <![CDATA[password]]>
              </value>
            </param>
          </params>
          <reporter-output>
          </reporter-output>
        </test-method> <!-- viewprofile_datadriven -->
        <test-method status="PASS" signature="viewprofile_datadriven(java.lang.String, java.lang.String)[pri:13, instance:com.practice.testcases.ViewProfileDatadrivenTest@31f924f5]" name="viewprofile_datadriven" duration-ms="24744" started-at="2018-10-24T11:14:46Z" data-provider="viewprofiledata" finished-at="2018-10-24T11:15:11Z">
          <params>
            <param index="0">
              <value>
                <![CDATA[kd@narola.email]]>
              </value>
            </param>
            <param index="1">
              <value>
                <![CDATA[password]]>
              </value>
            </param>
          </params>
          <reporter-output>
          </reporter-output>
        </test-method> <!-- viewprofile_datadriven -->
        <test-method status="PASS" signature="close()[pri:0, instance:com.practice.testcases.ViewProfileDatadrivenTest@31f924f5]" name="close" is-config="true" duration-ms="332" started-at="2018-10-24T11:15:11Z" finished-at="2018-10-24T11:15:11Z">
          <reporter-output>
          </reporter-output>
        </test-method> <!-- close -->
      </class> <!-- com.practice.testcases.ViewProfileDatadrivenTest -->
    </test> <!-- View Profile Data Driven -->
    <test name="View Profile " duration-ms="38200" started-at="2018-10-24T11:15:11Z" finished-at="2018-10-24T11:15:49Z">
      <class name="com.practice.testcases.ViewProfileTest">
        <test-method status="PASS" signature="setup(java.lang.String)[pri:0, instance:com.practice.testcases.ViewProfileTest@17211155]" name="setup" is-config="true" duration-ms="11888" started-at="2018-10-24T11:15:11Z" finished-at="2018-10-24T11:15:23Z">
          <params>
            <param index="0">
              <value>
                <![CDATA[Chrome]]>
              </value>
            </param>
          </params>
          <reporter-output>
          </reporter-output>
        </test-method> <!-- setup -->
        <test-method status="PASS" signature="login()[pri:13, instance:com.practice.testcases.ViewProfileTest@17211155]" name="login" duration-ms="479" started-at="2018-10-24T11:15:23Z" description="Login for View Profile" finished-at="2018-10-24T11:15:23Z">
          <reporter-output>
          </reporter-output>
        </test-method> <!-- login -->
        <test-method status="PASS" signature="edit_profile_remove_firstname()[pri:14, instance:com.practice.testcases.ViewProfileTest@17211155]" name="edit_profile_remove_firstname" duration-ms="11750" started-at="2018-10-24T11:15:23Z" description="View Profile -Remove First NAme" finished-at="2018-10-24T11:15:35Z">
          <reporter-output>
          </reporter-output>
        </test-method> <!-- edit_profile_remove_firstname -->
        <test-method status="PASS" signature="remove_lastName()[pri:15, instance:com.practice.testcases.ViewProfileTest@17211155]" name="remove_lastName" duration-ms="2797" started-at="2018-10-24T11:15:35Z" description="View Profile -Remove LAst NAme" finished-at="2018-10-24T11:15:38Z">
          <reporter-output>
          </reporter-output>
        </test-method> <!-- remove_lastName -->
        <test-method status="PASS" signature="remove_mobile()[pri:16, instance:com.practice.testcases.ViewProfileTest@17211155]" name="remove_mobile" duration-ms="2911" started-at="2018-10-24T11:15:38Z" description="View Profile -Remove Mobile" finished-at="2018-10-24T11:15:41Z">
          <reporter-output>
          </reporter-output>
        </test-method> <!-- remove_mobile -->
        <test-method status="PASS" signature="remove_firstname_withoutfilling_cutrrent_password()[pri:17, instance:com.practice.testcases.ViewProfileTest@17211155]" name="remove_firstname_withoutfilling_cutrrent_password" duration-ms="2678" started-at="2018-10-24T11:15:41Z" description="View Profile -Remove First NAme and do not enter current password " finished-at="2018-10-24T11:15:44Z">
          <reporter-output>
          </reporter-output>
        </test-method> <!-- remove_firstname_withoutfilling_cutrrent_password -->
        <test-method status="PASS" signature="remove_lasname_withoutfilling_cutrrent_password()[pri:18, instance:com.practice.testcases.ViewProfileTest@17211155]" name="remove_lasname_withoutfilling_cutrrent_password" duration-ms="2656" started-at="2018-10-24T11:15:44Z" description="View Profile -Remove last NAme and do not enter current password " finished-at="2018-10-24T11:15:46Z">
          <reporter-output>
          </reporter-output>
        </test-method> <!-- remove_lasname_withoutfilling_cutrrent_password -->
        <test-method status="PASS" signature="remove_mobile_withoutfilling_cutrrent_password()[pri:19, instance:com.practice.testcases.ViewProfileTest@17211155]" name="remove_mobile_withoutfilling_cutrrent_password" duration-ms="2757" started-at="2018-10-24T11:15:46Z" description="View Profile -Remove mobile and do not enter current password " finished-at="2018-10-24T11:15:49Z">
          <reporter-output>
          </reporter-output>
        </test-method> <!-- remove_mobile_withoutfilling_cutrrent_password -->
        <test-method status="PASS" signature="close()[pri:0, instance:com.practice.testcases.ViewProfileTest@17211155]" name="close" is-config="true" duration-ms="265" started-at="2018-10-24T11:15:49Z" finished-at="2018-10-24T11:15:49Z">
          <reporter-output>
          </reporter-output>
        </test-method> <!-- close -->
      </class> <!-- com.practice.testcases.ViewProfileTest -->
    </test> <!-- View Profile  -->
    <test name="firefox SignUp" duration-ms="57904" started-at="2018-10-24T11:15:49Z" finished-at="2018-10-24T11:16:47Z">
      <class name="com.practice.testcases.SignUpTest">
        <test-method status="PASS" signature="setup(java.lang.String)[pri:0, instance:com.practice.testcases.SignUpTest@5123a213]" name="setup" is-config="true" duration-ms="24773" started-at="2018-10-24T11:15:49Z" finished-at="2018-10-24T11:16:14Z">
          <params>
            <param index="0">
              <value>
                <![CDATA[firefox]]>
              </value>
            </param>
          </params>
          <reporter-output>
          </reporter-output>
        </test-method> <!-- setup -->
        <test-method status="PASS" signature="without_entering_click_createAccount()[pri:1, instance:com.practice.testcases.SignUpTest@5123a213]" name="without_entering_click_createAccount" duration-ms="3719" started-at="2018-10-24T11:16:14Z" description="Sign up-Balnk Data and click on Sign up Button" finished-at="2018-10-24T11:16:18Z">
          <reporter-output>
          </reporter-output>
        </test-method> <!-- without_entering_click_createAccount -->
        <test-method status="PASS" signature="remove_firstname()[pri:2, instance:com.practice.testcases.SignUpTest@5123a213]" name="remove_firstname" duration-ms="7029" started-at="2018-10-24T11:16:18Z" description="Sign Up:Filled out all fields and Remove the first name field" finished-at="2018-10-24T11:16:25Z">
          <reporter-output>
          </reporter-output>
        </test-method> <!-- remove_firstname -->
        <test-method status="PASS" signature="remove_lasttname()[pri:3, instance:com.practice.testcases.SignUpTest@5123a213]" name="remove_lasttname" duration-ms="6968" started-at="2018-10-24T11:16:25Z" description="Sign Up:Filled out all fields and Remove the Last name field" finished-at="2018-10-24T11:16:32Z">
          <reporter-output>
          </reporter-output>
        </test-method> <!-- remove_lasttname -->
        <test-method status="PASS" signature="remove_email()[pri:4, instance:com.practice.testcases.SignUpTest@5123a213]" name="remove_email" duration-ms="6966" started-at="2018-10-24T11:16:32Z" description="Sign Up:Filled out all fields and Remove the email field" finished-at="2018-10-24T11:16:39Z">
          <reporter-output>
          </reporter-output>
        </test-method> <!-- remove_email -->
        <test-method status="PASS" signature="remove_password()[pri:5, instance:com.practice.testcases.SignUpTest@5123a213]" name="remove_password" duration-ms="6791" started-at="2018-10-24T11:16:39Z" description="Sign Up:Filled out all fields and Remove the password field" finished-at="2018-10-24T11:16:46Z">
          <reporter-output>
          </reporter-output>
        </test-method> <!-- remove_password -->
        <test-method status="PASS" signature="close()[pri:0, instance:com.practice.testcases.SignUpTest@5123a213]" name="close" is-config="true" duration-ms="1619" started-at="2018-10-24T11:16:46Z" finished-at="2018-10-24T11:16:47Z">
          <reporter-output>
          </reporter-output>
        </test-method> <!-- close -->
      </class> <!-- com.practice.testcases.SignUpTest -->
    </test> <!-- firefox SignUp -->
    <test name="firefox Invalid Login" duration-ms="24770" started-at="2018-10-24T11:16:47Z" finished-at="2018-10-24T11:17:12Z">
      <class name="com.practice.testcases.InvalidLoginTest">
        <test-method status="PASS" signature="setup(java.lang.String)[pri:0, instance:com.practice.testcases.InvalidLoginTest@1f021e6c]" name="setup" is-config="true" duration-ms="16484" started-at="2018-10-24T11:16:47Z" finished-at="2018-10-24T11:17:04Z">
          <params>
            <param index="0">
              <value>
                <![CDATA[firefox]]>
              </value>
            </param>
          </params>
          <reporter-output>
          </reporter-output>
        </test-method> <!-- setup -->
        <test-method status="PASS" signature="balnk_fields()[pri:6, instance:com.practice.testcases.InvalidLoginTest@1f021e6c]" name="balnk_fields" duration-ms="2326" started-at="2018-10-24T11:17:04Z" description="Invalid Login - Bank data click on Login button" finished-at="2018-10-24T11:17:06Z">
          <reporter-output>
          </reporter-output>
        </test-method> <!-- balnk_fields -->
        <test-method status="PASS" signature="balnk_password_fields()[pri:7, instance:com.practice.testcases.InvalidLoginTest@1f021e6c]" name="balnk_password_fields" duration-ms="2528" started-at="2018-10-24T11:17:06Z" description="Invalid Login-Enter valid Email and Keep password Blank" finished-at="2018-10-24T11:17:09Z">
          <reporter-output>
          </reporter-output>
        </test-method> <!-- balnk_password_fields -->
        <test-method status="PASS" signature="balnk_Email_fields()[pri:8, instance:com.practice.testcases.InvalidLoginTest@1f021e6c]" name="balnk_Email_fields" duration-ms="2318" started-at="2018-10-24T11:17:09Z" description="Invalid Login-Enter valid PAssword and Keep Email Blank" finished-at="2018-10-24T11:17:11Z">
          <reporter-output>
          </reporter-output>
        </test-method> <!-- balnk_Email_fields -->
        <test-method status="PASS" signature="close()[pri:0, instance:com.practice.testcases.InvalidLoginTest@1f021e6c]" name="close" is-config="true" duration-ms="1100" started-at="2018-10-24T11:17:11Z" finished-at="2018-10-24T11:17:12Z">
          <reporter-output>
          </reporter-output>
        </test-method> <!-- close -->
      </class> <!-- com.practice.testcases.InvalidLoginTest -->
    </test> <!-- firefox Invalid Login -->
    <test name="firefox Login" duration-ms="18972" started-at="2018-10-24T11:17:12Z" finished-at="2018-10-24T11:17:31Z">
      <class name="com.practice.testcases.LoginTest">
        <test-method status="PASS" signature="setup(java.lang.String)[pri:0, instance:com.practice.testcases.LoginTest@1da51a35]" name="setup" is-config="true" duration-ms="16103" started-at="2018-10-24T11:17:12Z" finished-at="2018-10-24T11:17:28Z">
          <params>
            <param index="0">
              <value>
                <![CDATA[firefox]]>
              </value>
            </param>
          </params>
          <reporter-output>
          </reporter-output>
        </test-method> <!-- setup -->
        <test-method status="PASS" signature="verifu_Login()[pri:9, instance:com.practice.testcases.LoginTest@1da51a35]" name="verifu_Login" duration-ms="1753" started-at="2018-10-24T11:17:28Z" description="Valid Login" finished-at="2018-10-24T11:17:30Z">
          <reporter-output>
          </reporter-output>
        </test-method> <!-- verifu_Login -->
        <test-method status="PASS" signature="close()[pri:0, instance:com.practice.testcases.LoginTest@1da51a35]" name="close" is-config="true" duration-ms="1108" started-at="2018-10-24T11:17:30Z" finished-at="2018-10-24T11:17:31Z">
          <reporter-output>
          </reporter-output>
        </test-method> <!-- close -->
      </class> <!-- com.practice.testcases.LoginTest -->
    </test> <!-- firefox Login -->
    <test name="firefox Data Driven" duration-ms="31252" started-at="2018-10-24T11:17:31Z" finished-at="2018-10-24T11:18:03Z">
      <class name="com.practice.testcases.LoginDataDrivenTest">
        <test-method status="PASS" signature="setup(java.lang.String)[pri:0, instance:com.practice.testcases.LoginDataDrivenTest@15b3e5b]" name="setup" is-config="true" duration-ms="14168" started-at="2018-10-24T11:17:31Z" finished-at="2018-10-24T11:17:45Z">
          <params>
            <param index="0">
              <value>
                <![CDATA[firefox]]>
              </value>
            </param>
          </params>
          <reporter-output>
          </reporter-output>
        </test-method> <!-- setup -->
        <test-method status="PASS" signature="login()[pri:10, instance:com.practice.testcases.LoginDataDrivenTest@15b3e5b]" name="login" duration-ms="197" started-at="2018-10-24T11:17:45Z" description="Data Driven Testing For Login " finished-at="2018-10-24T11:17:46Z">
          <reporter-output>
          </reporter-output>
        </test-method> <!-- login -->
        <test-method status="PASS" signature="logindata_driver(java.lang.String, java.lang.String)[pri:11, instance:com.practice.testcases.LoginDataDrivenTest@15b3e5b]" name="logindata_driver" duration-ms="2634" started-at="2018-10-24T11:17:46Z" description="Data Driven Testing For Login" data-provider="logintest" finished-at="2018-10-24T11:17:48Z">
          <params>
            <param index="0">
              <value>
                <![CDATA[kk@gmail.com]]>
              </value>
            </param>
            <param index="1">
              <value>
                <![CDATA[password]]>
              </value>
            </param>
          </params>
          <reporter-output>
          </reporter-output>
        </test-method> <!-- logindata_driver -->
        <test-method status="PASS" signature="logindata_driver(java.lang.String, java.lang.String)[pri:11, instance:com.practice.testcases.LoginDataDrivenTest@15b3e5b]" name="logindata_driver" duration-ms="2374" started-at="2018-10-24T11:17:48Z" description="Data Driven Testing For Login" data-provider="logintest" finished-at="2018-10-24T11:17:51Z">
          <params>
            <param index="0">
              <value>
                <![CDATA[kunal@gmail.com]]>
              </value>
            </param>
            <param index="1">
              <value>
                <![CDATA[password]]>
              </value>
            </param>
          </params>
          <reporter-output>
          </reporter-output>
        </test-method> <!-- logindata_driver -->
        <test-method status="PASS" signature="logindata_driver(java.lang.String, java.lang.String)[pri:11, instance:com.practice.testcases.LoginDataDrivenTest@15b3e5b]" name="logindata_driver" duration-ms="2337" started-at="2018-10-24T11:17:51Z" description="Data Driven Testing For Login" data-provider="logintest" finished-at="2018-10-24T11:17:53Z">
          <params>
            <param index="0">
              <value>
                <![CDATA[abcd@gmail.com]]>
              </value>
            </param>
            <param index="1">
              <value>
                <![CDATA[password]]>
              </value>
            </param>
          </params>
          <reporter-output>
          </reporter-output>
        </test-method> <!-- logindata_driver -->
        <test-method status="PASS" signature="logindata_driver(java.lang.String, java.lang.String)[pri:11, instance:com.practice.testcases.LoginDataDrivenTest@15b3e5b]" name="logindata_driver" duration-ms="2346" started-at="2018-10-24T11:17:53Z" description="Data Driven Testing For Login" data-provider="logintest" finished-at="2018-10-24T11:17:55Z">
          <params>
            <param index="0">
              <value>
                <![CDATA[fg@gmail.com]]>
              </value>
            </param>
            <param index="1">
              <value>
                <![CDATA[password]]>
              </value>
            </param>
          </params>
          <reporter-output>
          </reporter-output>
        </test-method> <!-- logindata_driver -->
        <test-method status="PASS" signature="logindata_driver(java.lang.String, java.lang.String)[pri:11, instance:com.practice.testcases.LoginDataDrivenTest@15b3e5b]" name="logindata_driver" duration-ms="6085" started-at="2018-10-24T11:17:55Z" description="Data Driven Testing For Login" data-provider="logintest" finished-at="2018-10-24T11:18:01Z">
          <params>
            <param index="0">
              <value>
                <![CDATA[kd@narola.email]]>
              </value>
            </param>
            <param index="1">
              <value>
                <![CDATA[password]]>
              </value>
            </param>
          </params>
          <reporter-output>
          </reporter-output>
        </test-method> <!-- logindata_driver -->
        <test-method status="PASS" signature="close()[pri:0, instance:com.practice.testcases.LoginDataDrivenTest@15b3e5b]" name="close" is-config="true" duration-ms="1083" started-at="2018-10-24T11:18:01Z" finished-at="2018-10-24T11:18:03Z">
          <reporter-output>
          </reporter-output>
        </test-method> <!-- close -->
      </class> <!-- com.practice.testcases.LoginDataDrivenTest -->
    </test> <!-- firefox Data Driven -->
    <test name="firefox View Profile Data Driven" duration-ms="86519" started-at="2018-10-24T11:18:03Z" finished-at="2018-10-24T11:19:29Z">
      <class name="com.practice.testcases.ViewProfileDatadrivenTest">
        <test-method status="PASS" signature="setup(java.lang.String)[pri:0, instance:com.practice.testcases.ViewProfileDatadrivenTest@1068e947]" name="setup" is-config="true" duration-ms="16905" started-at="2018-10-24T11:18:03Z" finished-at="2018-10-24T11:18:20Z">
          <params>
            <param index="0">
              <value>
                <![CDATA[firefox]]>
              </value>
            </param>
          </params>
          <reporter-output>
          </reporter-output>
        </test-method> <!-- setup -->
        <test-method status="PASS" signature="viewprofile_login()[pri:12, instance:com.practice.testcases.ViewProfileDatadrivenTest@1068e947]" name="viewprofile_login" duration-ms="101" started-at="2018-10-24T11:18:20Z" description="Data Driven Testing for View Profile" finished-at="2018-10-24T11:18:20Z">
          <reporter-output>
          </reporter-output>
        </test-method> <!-- viewprofile_login -->
        <test-method status="PASS" signature="viewprofile_datadriven(java.lang.String, java.lang.String)[pri:13, instance:com.practice.testcases.ViewProfileDatadrivenTest@1068e947]" name="viewprofile_datadriven" duration-ms="10360" started-at="2018-10-24T11:18:20Z" data-provider="viewprofiledata" finished-at="2018-10-24T11:18:30Z">
          <params>
            <param index="0">
              <value>
                <![CDATA[kk@gmail.com]]>
              </value>
            </param>
            <param index="1">
              <value>
                <![CDATA[password]]>
              </value>
            </param>
          </params>
          <reporter-output>
          </reporter-output>
        </test-method> <!-- viewprofile_datadriven -->
        <test-method status="PASS" signature="viewprofile_datadriven(java.lang.String, java.lang.String)[pri:13, instance:com.practice.testcases.ViewProfileDatadrivenTest@1068e947]" name="viewprofile_datadriven" duration-ms="10391" started-at="2018-10-24T11:18:30Z" data-provider="viewprofiledata" finished-at="2018-10-24T11:18:40Z">
          <params>
            <param index="0">
              <value>
                <![CDATA[kunal@gmail.com]]>
              </value>
            </param>
            <param index="1">
              <value>
                <![CDATA[password]]>
              </value>
            </param>
          </params>
          <reporter-output>
          </reporter-output>
        </test-method> <!-- viewprofile_datadriven -->
        <test-method status="PASS" signature="viewprofile_datadriven(java.lang.String, java.lang.String)[pri:13, instance:com.practice.testcases.ViewProfileDatadrivenTest@1068e947]" name="viewprofile_datadriven" duration-ms="10407" started-at="2018-10-24T11:18:40Z" data-provider="viewprofiledata" finished-at="2018-10-24T11:18:51Z">
          <params>
            <param index="0">
              <value>
                <![CDATA[abcd@gmail.com]]>
              </value>
            </param>
            <param index="1">
              <value>
                <![CDATA[password]]>
              </value>
            </param>
          </params>
          <reporter-output>
          </reporter-output>
        </test-method> <!-- viewprofile_datadriven -->
        <test-method status="PASS" signature="viewprofile_datadriven(java.lang.String, java.lang.String)[pri:13, instance:com.practice.testcases.ViewProfileDatadrivenTest@1068e947]" name="viewprofile_datadriven" duration-ms="10397" started-at="2018-10-24T11:18:51Z" data-provider="viewprofiledata" finished-at="2018-10-24T11:19:01Z">
          <params>
            <param index="0">
              <value>
                <![CDATA[fg@gmail.com]]>
              </value>
            </param>
            <param index="1">
              <value>
                <![CDATA[password]]>
              </value>
            </param>
          </params>
          <reporter-output>
          </reporter-output>
        </test-method> <!-- viewprofile_datadriven -->
        <test-method status="PASS" signature="viewprofile_datadriven(java.lang.String, java.lang.String)[pri:13, instance:com.practice.testcases.ViewProfileDatadrivenTest@1068e947]" name="viewprofile_datadriven" duration-ms="26927" started-at="2018-10-24T11:19:01Z" data-provider="viewprofiledata" finished-at="2018-10-24T11:19:28Z">
          <params>
            <param index="0">
              <value>
                <![CDATA[kd@narola.email]]>
              </value>
            </param>
            <param index="1">
              <value>
                <![CDATA[password]]>
              </value>
            </param>
          </params>
          <reporter-output>
          </reporter-output>
        </test-method> <!-- viewprofile_datadriven -->
        <test-method status="PASS" signature="close()[pri:0, instance:com.practice.testcases.ViewProfileDatadrivenTest@1068e947]" name="close" is-config="true" duration-ms="993" started-at="2018-10-24T11:19:28Z" finished-at="2018-10-24T11:19:29Z">
          <reporter-output>
          </reporter-output>
        </test-method> <!-- close -->
      </class> <!-- com.practice.testcases.ViewProfileDatadrivenTest -->
    </test> <!-- firefox View Profile Data Driven -->
    <test name="firefox View Profile" duration-ms="40289" started-at="2018-10-24T11:19:29Z" finished-at="2018-10-24T11:20:10Z">
      <class name="com.practice.testcases.ViewProfileTest">
        <test-method status="PASS" signature="setup(java.lang.String)[pri:0, instance:com.practice.testcases.ViewProfileTest@382db087]" name="setup" is-config="true" duration-ms="14252" started-at="2018-10-24T11:19:29Z" finished-at="2018-10-24T11:19:43Z">
          <params>
            <param index="0">
              <value>
                <![CDATA[firefox]]>
              </value>
            </param>
          </params>
          <reporter-output>
          </reporter-output>
        </test-method> <!-- setup -->
        <test-method status="PASS" signature="login()[pri:13, instance:com.practice.testcases.ViewProfileTest@382db087]" name="login" duration-ms="662" started-at="2018-10-24T11:19:43Z" description="Login for View Profile" finished-at="2018-10-24T11:19:44Z">
          <reporter-output>
          </reporter-output>
        </test-method> <!-- login -->
        <test-method status="PASS" signature="edit_profile_remove_firstname()[pri:14, instance:com.practice.testcases.ViewProfileTest@382db087]" name="edit_profile_remove_firstname" duration-ms="10955" started-at="2018-10-24T11:19:44Z" description="View Profile -Remove First NAme" finished-at="2018-10-24T11:19:55Z">
          <reporter-output>
          </reporter-output>
        </test-method> <!-- edit_profile_remove_firstname -->
        <test-method status="PASS" signature="remove_lastName()[pri:15, instance:com.practice.testcases.ViewProfileTest@382db087]" name="remove_lastName" duration-ms="2728" started-at="2018-10-24T11:19:55Z" description="View Profile -Remove LAst NAme" finished-at="2018-10-24T11:19:58Z">
          <reporter-output>
          </reporter-output>
        </test-method> <!-- remove_lastName -->
        <test-method status="PASS" signature="remove_mobile()[pri:16, instance:com.practice.testcases.ViewProfileTest@382db087]" name="remove_mobile" duration-ms="2763" started-at="2018-10-24T11:19:58Z" description="View Profile -Remove Mobile" finished-at="2018-10-24T11:20:01Z">
          <reporter-output>
          </reporter-output>
        </test-method> <!-- remove_mobile -->
        <test-method status="PASS" signature="remove_firstname_withoutfilling_cutrrent_password()[pri:17, instance:com.practice.testcases.ViewProfileTest@382db087]" name="remove_firstname_withoutfilling_cutrrent_password" duration-ms="2651" started-at="2018-10-24T11:20:01Z" description="View Profile -Remove First NAme and do not enter current password " finished-at="2018-10-24T11:20:03Z">
          <reporter-output>
          </reporter-output>
        </test-method> <!-- remove_firstname_withoutfilling_cutrrent_password -->
        <test-method status="PASS" signature="remove_lasname_withoutfilling_cutrrent_password()[pri:18, instance:com.practice.testcases.ViewProfileTest@382db087]" name="remove_lasname_withoutfilling_cutrrent_password" duration-ms="2621" started-at="2018-10-24T11:20:03Z" description="View Profile -Remove last NAme and do not enter current password " finished-at="2018-10-24T11:20:06Z">
          <reporter-output>
          </reporter-output>
        </test-method> <!-- remove_lasname_withoutfilling_cutrrent_password -->
        <test-method status="PASS" signature="remove_mobile_withoutfilling_cutrrent_password()[pri:19, instance:com.practice.testcases.ViewProfileTest@382db087]" name="remove_mobile_withoutfilling_cutrrent_password" duration-ms="2703" started-at="2018-10-24T11:20:06Z" description="View Profile -Remove mobile and do not enter current password " finished-at="2018-10-24T11:20:09Z">
          <reporter-output>
          </reporter-output>
        </test-method> <!-- remove_mobile_withoutfilling_cutrrent_password -->
        <test-method status="PASS" signature="close()[pri:0, instance:com.practice.testcases.ViewProfileTest@382db087]" name="close" is-config="true" duration-ms="933" started-at="2018-10-24T11:20:09Z" finished-at="2018-10-24T11:20:10Z">
          <reporter-output>
          </reporter-output>
        </test-method> <!-- close -->
      </class> <!-- com.practice.testcases.ViewProfileTest -->
    </test> <!-- firefox View Profile -->
  </suite> <!-- TestSuite -->
</testng-results>
