<?xml version="1.0" encoding="UTF-8"?>
<!-- Generated by org.testng.reporters.JUnitXMLReporter -->
<testsuite hostname="C100-17" ignored="0" name="Data Driven" tests="6" failures="0" timestamp="24 Oct 2018 11:13:53 GMT" time="29.613" errors="0">
  <testcase name="login" time="0.153" classname="com.practice.testcases.LoginDataDrivenTest"/>
  <testcase name="logindata_driver" time="2.372" classname="com.practice.testcases.LoginDataDrivenTest"/>
  <testcase name="logindata_driver" time="2.365" classname="com.practice.testcases.LoginDataDrivenTest"/>
  <testcase name="logindata_driver" time="2.282" classname="com.practice.testcases.LoginDataDrivenTest"/>
  <testcase name="logindata_driver" time="2.303" classname="com.practice.testcases.LoginDataDrivenTest"/>
  <testcase name="logindata_driver" time="5.311" classname="com.practice.testcases.LoginDataDrivenTest"/>
</testsuite> <!-- Data Driven -->
