<?xml version="1.0" encoding="UTF-8"?>
<!-- Generated by org.testng.reporters.JUnitXMLReporter -->
<testsuite hostname="C100-17" ignored="0" name="firefox Invalid Login" tests="3" failures="0" timestamp="24 Oct 2018 11:17:12 GMT" time="24.77" errors="0">
  <testcase name="balnk_fields" time="2.326" classname="com.practice.testcases.InvalidLoginTest"/>
  <testcase name="balnk_password_fields" time="2.528" classname="com.practice.testcases.InvalidLoginTest"/>
  <testcase name="balnk_Email_fields" time="2.318" classname="com.practice.testcases.InvalidLoginTest"/>
</testsuite> <!-- firefox Invalid Login -->
