<?xml version="1.0" encoding="UTF-8"?>
<!-- Generated by org.testng.reporters.JUnitXMLReporter -->
<testsuite hostname="C100-17" ignored="0" name="firefox SignUp" tests="5" failures="0" timestamp="24 Oct 2018 11:16:47 GMT" time="57.904" errors="0">
  <testcase name="without_entering_click_createAccount" time="3.719" classname="com.practice.testcases.SignUpTest"/>
  <testcase name="remove_firstname" time="7.029" classname="com.practice.testcases.SignUpTest"/>
  <testcase name="remove_lasttname" time="6.968" classname="com.practice.testcases.SignUpTest"/>
  <testcase name="remove_email" time="6.966" classname="com.practice.testcases.SignUpTest"/>
  <testcase name="remove_password" time="6.791" classname="com.practice.testcases.SignUpTest"/>
</testsuite> <!-- firefox SignUp -->
