<?xml version="1.0" encoding="UTF-8"?>
<!-- Generated by org.testng.reporters.JUnitXMLReporter -->
<testsuite hostname="C100-17" ignored="0" name="firefox Data Driven" tests="6" failures="0" timestamp="24 Oct 2018 11:18:03 GMT" time="31.252" errors="0">
  <testcase name="login" time="0.197" classname="com.practice.testcases.LoginDataDrivenTest"/>
  <testcase name="logindata_driver" time="2.634" classname="com.practice.testcases.LoginDataDrivenTest"/>
  <testcase name="logindata_driver" time="2.374" classname="com.practice.testcases.LoginDataDrivenTest"/>
  <testcase name="logindata_driver" time="2.337" classname="com.practice.testcases.LoginDataDrivenTest"/>
  <testcase name="logindata_driver" time="2.346" classname="com.practice.testcases.LoginDataDrivenTest"/>
  <testcase name="logindata_driver" time="6.085" classname="com.practice.testcases.LoginDataDrivenTest"/>
</testsuite> <!-- firefox Data Driven -->
