<?xml version="1.0" encoding="UTF-8"?>
<!-- Generated by org.testng.reporters.JUnitXMLReporter -->
<testsuite hostname="C100-17" ignored="0" name="firefox View Profile Data Driven" tests="6" failures="0" timestamp="24 Oct 2018 11:19:29 GMT" time="86.519" errors="0">
  <testcase name="viewprofile_login" time="0.101" classname="com.practice.testcases.ViewProfileDatadrivenTest"/>
  <testcase name="viewprofile_datadriven" time="10.36" classname="com.practice.testcases.ViewProfileDatadrivenTest"/>
  <testcase name="viewprofile_datadriven" time="10.391" classname="com.practice.testcases.ViewProfileDatadrivenTest"/>
  <testcase name="viewprofile_datadriven" time="10.407" classname="com.practice.testcases.ViewProfileDatadrivenTest"/>
  <testcase name="viewprofile_datadriven" time="10.397" classname="com.practice.testcases.ViewProfileDatadrivenTest"/>
  <testcase name="viewprofile_datadriven" time="26.927" classname="com.practice.testcases.ViewProfileDatadrivenTest"/>
</testsuite> <!-- firefox View Profile Data Driven -->
