<?xml version="1.0" encoding="UTF-8"?>
<!-- Generated by org.testng.reporters.JUnitXMLReporter -->
<testsuite hostname="C100-17" ignored="0" name="Invalid Login" tests="3" failures="0" timestamp="24 Oct 2018 11:13:07 GMT" time="19.246" errors="0">
  <testcase name="balnk_fields" time="2.343" classname="com.practice.testcases.InvalidLoginTest"/>
  <testcase name="balnk_password_fields" time="2.204" classname="com.practice.testcases.InvalidLoginTest"/>
  <testcase name="balnk_Email_fields" time="2.314" classname="com.practice.testcases.InvalidLoginTest"/>
</testsuite> <!-- Invalid Login -->
