<?xml version="1.0" encoding="UTF-8"?>
<!-- Generated by org.testng.reporters.JUnitXMLReporter -->
<testsuite hostname="C100-17" ignored="0" name="SignUp" tests="5" failures="0" timestamp="24 Oct 2018 11:12:47 GMT" time="45.702" errors="0">
  <testcase name="without_entering_click_createAccount" time="4.048" classname="com.practice.testcases.SignUpTest"/>
  <testcase name="remove_firstname" time="7.232" classname="com.practice.testcases.SignUpTest"/>
  <testcase name="remove_lasttname" time="7.18" classname="com.practice.testcases.SignUpTest"/>
  <testcase name="remove_email" time="7.106" classname="com.practice.testcases.SignUpTest"/>
  <testcase name="remove_password" time="7.06" classname="com.practice.testcases.SignUpTest"/>
</testsuite> <!-- SignUp -->
