<?xml version="1.0" encoding="UTF-8"?>
<!-- Generated by org.testng.reporters.JUnitXMLReporter -->
<testsuite hostname="C100-17" ignored="0" name="View Profile Data Driven" tests="6" failures="0" timestamp="24 Oct 2018 11:15:11 GMT" time="78.0" errors="0">
  <testcase name="viewprofile_login" time="0.11" classname="com.practice.testcases.ViewProfileDatadrivenTest"/>
  <testcase name="viewprofile_datadriven" time="10.453" classname="com.practice.testcases.ViewProfileDatadrivenTest"/>
  <testcase name="viewprofile_datadriven" time="10.328" classname="com.practice.testcases.ViewProfileDatadrivenTest"/>
  <testcase name="viewprofile_datadriven" time="10.3" classname="com.practice.testcases.ViewProfileDatadrivenTest"/>
  <testcase name="viewprofile_datadriven" time="10.347" classname="com.practice.testcases.ViewProfileDatadrivenTest"/>
  <testcase name="viewprofile_datadriven" time="24.744" classname="com.practice.testcases.ViewProfileDatadrivenTest"/>
</testsuite> <!-- View Profile Data Driven -->
