<?xml version="1.0" encoding="UTF-8"?>
<!-- Generated by org.testng.reporters.JUnitXMLReporter -->
<testsuite hostname="C100-17" ignored="0" name="View Profile " tests="7" failures="0" timestamp="24 Oct 2018 11:15:49 GMT" time="38.2" errors="0">
  <testcase name="login" time="0.479" classname="com.practice.testcases.ViewProfileTest"/>
  <testcase name="edit_profile_remove_firstname" time="11.75" classname="com.practice.testcases.ViewProfileTest"/>
  <testcase name="remove_lastName" time="2.797" classname="com.practice.testcases.ViewProfileTest"/>
  <testcase name="remove_mobile" time="2.911" classname="com.practice.testcases.ViewProfileTest"/>
  <testcase name="remove_firstname_withoutfilling_cutrrent_password" time="2.678" classname="com.practice.testcases.ViewProfileTest"/>
  <testcase name="remove_lasname_withoutfilling_cutrrent_password" time="2.656" classname="com.practice.testcases.ViewProfileTest"/>
  <testcase name="remove_mobile_withoutfilling_cutrrent_password" time="2.757" classname="com.practice.testcases.ViewProfileTest"/>
</testsuite> <!-- View Profile  -->
