<?xml version="1.0" encoding="UTF-8"?>
<!-- Generated by org.testng.reporters.JUnitXMLReporter -->
<testsuite hostname="C100-17" ignored="6" tests="0" failures="0" timestamp="15 Oct 2018 05:07:08 GMT" time="0.005" errors="0">
  <testcase name="login_valid" time="0.0" classname="com.guru99bank.testCases.End2End">
    <ignored/>
  </testcase> <!-- login_valid -->
  <testcase name="ministmt_using_datadriven" time="0.0" classname="com.guru99bank.testCases.End2End">
    <ignored/>
  </testcase> <!-- ministmt_using_datadriven -->
  <testcase name="login_using_datadriveren" time="0.0" classname="com.guru99bank.testCases.End2End">
    <ignored/>
  </testcase> <!-- login_using_datadriveren -->
  <testcase name="createnewaccount" time="0.0" classname="com.guru99bank.testCases.End2End">
    <ignored/>
  </testcase> <!-- createnewaccount -->
  <testcase name="balance_enquiry_datadriven" time="0.0" classname="com.guru99bank.testCases.End2End">
    <ignored/>
  </testcase> <!-- balance_enquiry_datadriven -->
  <testcase name="editcustomer_using_datadriven" time="0.0" classname="com.guru99bank.testCases.End2End">
    <ignored/>
  </testcase> <!-- editcustomer_using_datadriven -->
</testsuite>
