<?xml version="1.0" encoding="UTF-8"?>
<!-- Generated by org.testng.reporters.JUnitXMLReporter -->
<testsuite hostname="C100-17" ignored="0" name="firefox Test cases For Edit Customer" tests="7" failures="0" timestamp="15 Oct 2018 05:06:09 GMT" time="29.662" errors="0">
  <testcase name="blankCustoerid" time="4.66" classname="com.guru99bank.testCases.EditCustomer"/>
  <testcase name="editaccount" time="2.752" classname="com.guru99bank.testCases.EditCustomer"/>
  <testcase name="editaccount" time="2.794" classname="com.guru99bank.testCases.EditCustomer"/>
  <testcase name="editaccount" time="2.798" classname="com.guru99bank.testCases.EditCustomer"/>
  <testcase name="editaccount" time="2.803" classname="com.guru99bank.testCases.EditCustomer"/>
  <testcase name="editaccount" time="1.312" classname="com.guru99bank.testCases.EditCustomer"/>
  <testcase name="editaccount" time="1.453" classname="com.guru99bank.testCases.EditCustomer"/>
</testsuite> <!-- firefox Test cases For Edit Customer -->
