<?xml version="1.0" encoding="UTF-8"?>
<!-- Generated by org.testng.reporters.JUnitXMLReporter -->
<testsuite hostname="C100-17" ignored="0" name="firefox Test cases for New Account" tests="5" failures="0" timestamp="15 Oct 2018 05:06:37 GMT" time="28.099" errors="0">
  <testcase name="logintoaccount" time="1.689" classname="com.guru99bank.testCases.NewAccount"/>
  <testcase name="invalid_new_account" time="1.015" classname="com.guru99bank.testCases.NewAccount"/>
  <testcase name="invalid_new_account_invalidcustomerid" time="9.863" classname="com.guru99bank.testCases.NewAccount"/>
  <testcase name="invalid_new_account_intialdeposite" time="3.752" classname="com.guru99bank.testCases.NewAccount"/>
  <testcase name="verify_newAccount" time="3.298" classname="com.guru99bank.testCases.NewAccount"/>
</testsuite> <!-- firefox Test cases for New Account -->
