<?xml version="1.0" encoding="UTF-8"?>
<!-- Generated by org.testng.reporters.JUnitXMLReporter -->
<testsuite hostname="C100-17" ignored="0" name="firefox Balance Enquiry" tests="9" failures="0" timestamp="15 Oct 2018 05:07:08 GMT" time="30.875" errors="0">
  <testcase name="login" time="3.344" classname="com.guru99bank.testCases.BalancEInquiry"/>
  <testcase name="verifyBalance" time="3.11" classname="com.guru99bank.testCases.BalancEInquiry"/>
  <testcase name="verifyBalance" time="2.227" classname="com.guru99bank.testCases.BalancEInquiry"/>
  <testcase name="verifyBalance" time="2.376" classname="com.guru99bank.testCases.BalancEInquiry"/>
  <testcase name="verifyBalance" time="2.477" classname="com.guru99bank.testCases.BalancEInquiry"/>
  <testcase name="verifyBalance" time="2.938" classname="com.guru99bank.testCases.BalancEInquiry"/>
  <testcase name="verifyBalance" time="1.349" classname="com.guru99bank.testCases.BalancEInquiry"/>
  <testcase name="verifyBalance" time="2.371" classname="com.guru99bank.testCases.BalancEInquiry"/>
  <testcase name="verifyBalance" time="1.45" classname="com.guru99bank.testCases.BalancEInquiry"/>
</testsuite> <!-- firefox Balance Enquiry -->
