<?xml version="1.0" encoding="UTF-8"?>
<!-- Generated by org.testng.reporters.JUnitXMLReporter -->
<testsuite hostname="C100-17" ignored="0" name="Invalid Login" tests="2" failures="0" timestamp="15 Oct 2018 09:33:04 GMT" time="25.968" errors="0">
  <testcase name="verify_Invalid_Login" time="0.885" classname="com.guru99bank.testCases.LoginInvalidTest"/>
  <testcase name="enterUsername" time="3.736" classname="com.guru99bank.testCases.LoginInvalidTest"/>
</testsuite> <!-- Invalid Login -->
