<?xml version="1.0" encoding="UTF-8"?>
<!-- Generated by org.testng.reporters.JUnitXMLReporter -->
<testsuite hostname="C100-17" ignored="0" name="Mini Statement" tests="9" failures="0" timestamp="15 Oct 2018 09:38:11 GMT" time="56.577" errors="0">
  <testcase name="verifyMinistatement" time="3.4" classname="com.guru99bank.testCases.MiniStatement"/>
  <testcase name="ministatement_ddt" time="4.844" classname="com.guru99bank.testCases.MiniStatement"/>
  <testcase name="ministatement_ddt" time="5.219" classname="com.guru99bank.testCases.MiniStatement"/>
  <testcase name="ministatement_ddt" time="3.683" classname="com.guru99bank.testCases.MiniStatement"/>
  <testcase name="ministatement_ddt" time="4.349" classname="com.guru99bank.testCases.MiniStatement"/>
  <testcase name="ministatement_ddt" time="4.587" classname="com.guru99bank.testCases.MiniStatement"/>
  <testcase name="ministatement_ddt" time="2.296" classname="com.guru99bank.testCases.MiniStatement"/>
  <testcase name="ministatement_ddt" time="3.862" classname="com.guru99bank.testCases.MiniStatement"/>
  <testcase name="ministatement_ddt" time="3.188" classname="com.guru99bank.testCases.MiniStatement"/>
</testsuite> <!-- Mini Statement -->
