<?xml version="1.0" encoding="UTF-8"?>
<!-- Generated by org.testng.reporters.JUnitXMLReporter -->
<testsuite hostname="C100-17" ignored="0" name="Test cases for New Account" tests="5" failures="0" timestamp="15 Oct 2018 09:36:20 GMT" time="48.638" errors="0">
  <testcase name="logintoaccount" time="2.173" classname="com.guru99bank.testCases.NewAccount"/>
  <testcase name="invalid_new_account" time="1.663" classname="com.guru99bank.testCases.NewAccount"/>
  <testcase name="invalid_new_account_invalidcustomerid" time="10.158" classname="com.guru99bank.testCases.NewAccount"/>
  <testcase name="invalid_new_account_intialdeposite" time="5.368" classname="com.guru99bank.testCases.NewAccount"/>
  <testcase name="verify_newAccount" time="4.719" classname="com.guru99bank.testCases.NewAccount"/>
</testsuite> <!-- Test cases for New Account -->
