<?xml version="1.0" encoding="UTF-8"?>
<!-- Generated by org.testng.reporters.JUnitXMLReporter -->
<testsuite hostname="C100-17" ignored="0" name="Test cases For Edit Customer" tests="7" failures="0" timestamp="15 Oct 2018 09:35:31 GMT" time="49.004" errors="0">
  <testcase name="blankCustoerid" time="4.385" classname="com.guru99bank.testCases.EditCustomer"/>
  <testcase name="editaccount" time="5.156" classname="com.guru99bank.testCases.EditCustomer"/>
  <testcase name="editaccount" time="3.658" classname="com.guru99bank.testCases.EditCustomer"/>
  <testcase name="editaccount" time="4.422" classname="com.guru99bank.testCases.EditCustomer"/>
  <testcase name="editaccount" time="3.647" classname="com.guru99bank.testCases.EditCustomer"/>
  <testcase name="editaccount" time="2.992" classname="com.guru99bank.testCases.EditCustomer"/>
  <testcase name="editaccount" time="3.501" classname="com.guru99bank.testCases.EditCustomer"/>
</testsuite> <!-- Test cases For Edit Customer -->
